<?xml version="1.0" encoding="UTF-8"?>
<!-- Generated by org.testng.reporters.JUnitReportReporter -->
<testsuite hostname="EPINGUGW0690" failures="0" tests="2" name="maven_profiles.MyTest" time="0.023" errors="0" timestamp="2024-12-15T11:37:51 IST" skipped="0">
  <testcase classname="maven_profiles.MyTest" name="myTest2" time="0.003"/>
  <testcase classname="maven_profiles.MyTest" name="myTest1" time="0.020"/>
</testsuite> <!-- maven_profiles.MyTest -->
